<?xml version="1.0" encoding="UTF-8"?>
<!-- Generated by org.testng.reporters.JUnitReportReporter -->
<testsuite skipped="0" hostname="MacBook-Pro-3.local" name="com.techtest.testcases.HomePageTest" tests="3" failures="0" timestamp="2021-03-20T19:05:18 GMT" time="7.391" errors="0">
  <testcase name="homePageTitleTest" time="2.979" classname="com.techtest.testcases.HomePageTest"/>
  <system-out/>
  <testcase name="waracleLogoTest" time="2.080" classname="com.techtest.testcases.HomePageTest"/>
  <system-out/>
  <testcase name="clickOnRegisterLinkTest" time="2.332" classname="com.techtest.testcases.HomePageTest"/>
  <system-out/>
</testsuite> <!-- com.techtest.testcases.HomePageTest -->
